0 info it worked if it ends with ok
1 verbose cli [ '/usr/bin/node', '/usr/bin/npm', 'remove', '-g', 'sass' ]
2 info using npm@3.5.2
3 info using node@v8.10.0
4 silly loadCurrentTree Starting
5 silly install loadCurrentTree
6 silly install readGlobalPackageData
7 silly install normalizeTree
8 silly loadCurrentTree Finishing
9 silly loadIdealTree Starting
10 silly install loadIdealTree
11 silly cloneCurrentTree Starting
12 silly install cloneCurrentTreeToIdealTree
13 silly cloneCurrentTree Finishing
14 silly loadShrinkwrap Starting
15 silly install loadShrinkwrap
16 silly loadShrinkwrap Finishing
17 silly loadAllDepsIntoIdealTree Starting
18 silly uninstall loadAllDepsIntoIdealtree
19 silly loadAllDepsIntoIdealTree Finishing
20 silly idealTree:prePrune lib
21 silly loadIdealTree Finishing
22 silly currentTree lib
22 silly currentTree └─┬ sass@1.26.3
22 silly currentTree   ├── anymatch@3.1.1
22 silly currentTree   ├── binary-extensions@2.0.0
22 silly currentTree   ├── braces@3.0.2
22 silly currentTree   ├── chokidar@3.3.1
22 silly currentTree   ├── fill-range@7.0.1
22 silly currentTree   ├── glob-parent@5.1.1
22 silly currentTree   ├── is-binary-path@2.1.0
22 silly currentTree   ├── is-extglob@2.1.1
22 silly currentTree   ├── is-glob@4.0.1
22 silly currentTree   ├── is-number@7.0.0
22 silly currentTree   ├── normalize-path@3.0.0
22 silly currentTree   ├── picomatch@2.2.2
22 silly currentTree   ├── readdirp@3.3.0
22 silly currentTree   └── to-regex-range@5.0.1
23 silly idealTree lib
24 silly generateActionsToTake Starting
25 silly install generateActionsToTake
26 warn checkPermissions Missing write access to /usr/local/lib/node_modules/sass/node_modules/binary-extensions
27 warn checkPermissions Missing write access to /usr/local/lib/node_modules/sass/node_modules/is-binary-path
28 warn checkPermissions Missing write access to /usr/local/lib/node_modules/sass/node_modules/is-extglob
29 warn checkPermissions Missing write access to /usr/local/lib/node_modules/sass/node_modules/is-glob
30 warn checkPermissions Missing write access to /usr/local/lib/node_modules/sass/node_modules/glob-parent
31 warn checkPermissions Missing write access to /usr/local/lib/node_modules/sass/node_modules/is-number
32 warn checkPermissions Missing write access to /usr/local/lib/node_modules/sass/node_modules/normalize-path
33 warn checkPermissions Missing write access to /usr/local/lib/node_modules/sass/node_modules/picomatch
34 warn checkPermissions Missing write access to /usr/local/lib/node_modules/sass/node_modules/anymatch
35 warn checkPermissions Missing write access to /usr/local/lib/node_modules/sass/node_modules/readdirp
36 warn checkPermissions Missing write access to /usr/local/lib/node_modules/sass/node_modules/to-regex-range
37 warn checkPermissions Missing write access to /usr/local/lib/node_modules/sass/node_modules/fill-range
38 warn checkPermissions Missing write access to /usr/local/lib/node_modules/sass/node_modules/braces
39 warn checkPermissions Missing write access to /usr/local/lib/node_modules/sass/node_modules/chokidar
40 warn checkPermissions Missing write access to /usr/local/lib/node_modules/sass
41 warn checkPermissions Missing write access to /usr/local/lib/node_modules/sass/node_modules
42 warn checkPermissions Missing write access to /usr/local/lib/node_modules
43 silly rollbackFailedOptional Starting
44 silly rollbackFailedOptional Finishing
45 silly runTopLevelLifecycles Starting
46 silly runTopLevelLifecycles Finishing
47 silly install printInstalled
48 verbose stack Error: EACCES: permission denied, access '/usr/local/lib/node_modules/sass/node_modules/binary-extensions'
49 verbose cwd /home/dasha/projects/Homespace
50 error Linux 5.0.0-32-generic
51 error argv "/usr/bin/node" "/usr/bin/npm" "remove" "-g" "sass"
52 error node v8.10.0
53 error npm  v3.5.2
54 error path /usr/local/lib/node_modules/sass/node_modules/binary-extensions
55 error code EACCES
56 error errno -13
57 error syscall access
58 error Error: EACCES: permission denied, access '/usr/local/lib/node_modules/sass/node_modules/binary-extensions'
58 error  { Error: EACCES: permission denied, access '/usr/local/lib/node_modules/sass/node_modules/binary-extensions'
58 error   errno: -13,
58 error   code: 'EACCES',
58 error   syscall: 'access',
58 error   path: '/usr/local/lib/node_modules/sass/node_modules/binary-extensions' }
59 error Please try running this command again as root/Administrator.
60 verbose exit [ -13, true ]
